<?xml version="1.0" encoding="UTF-8"?>
<testng-results ignored="0" total="1" passed="0" failed="1" skipped="0">
  <reporter-output>
  </reporter-output>
  <suite started-at="2023-05-04T07:08:30Z" name="Surefire suite" finished-at="2023-05-04T07:08:36Z" duration-ms="6391">
    <groups>
      <group name="cucumber">
        <method signature="AbstractTestNGCucumberTests.runScenario(io.cucumber.testng.PickleWrapper, io.cucumber.testng.FeatureWrapper)[pri:0, instance:com.runner.Testrunner@2b71e916]" name="runScenario" class="io.cucumber.testng.AbstractTestNGCucumberTests"/>
      </group> <!-- cucumber -->
    </groups>
    <test started-at="2023-05-04T07:08:30Z" name="Surefire test" finished-at="2023-05-04T07:08:36Z" duration-ms="6391">
      <class name="com.runner.Testrunner">
        <test-method is-config="true" signature="setUpClass(org.testng.ITestContext)[pri:0, instance:com.runner.Testrunner@2b71e916]" started-at="2023-05-04T07:08:30Z" name="setUpClass" finished-at="2023-05-04T07:08:31Z" duration-ms="1041" status="PASS">
          <params>
            <param index="0">
              <value>
                <![CDATA[org.testng.TestRunner@10244722]]>
              </value>
            </param>
          </params>
          <reporter-output>
          </reporter-output>
        </test-method> <!-- setUpClass -->
        <test-method signature="runScenario(io.cucumber.testng.PickleWrapper, io.cucumber.testng.FeatureWrapper)[pri:0, instance:com.runner.Testrunner@2b71e916]" started-at="2023-05-04T07:08:31Z" name="runScenario" description="Runs Cucumber Scenarios" data-provider="scenarios" finished-at="2023-05-04T07:08:34Z" duration-ms="2926" status="FAIL">
          <params>
            <param index="0">
              <value>
                <![CDATA["To verify The OS page"]]>
              </value>
            </param>
            <param index="1">
              <value>
                <![CDATA["I want to verify the Os Feature"]]>
              </value>
            </param>
          </params>
          <exception class="java.lang.NullPointerException">
            <full-stacktrace>
              <![CDATA[java.lang.NullPointerException
at com.stepdefination.OsStepdef.user_clicks_on_os(OsStepdef.java:20)
at ✽.user clicks on OS(file:///C:/Users/yogendrasharma01/eclipse-workspace/EndTest_API/src/test/java/Feature/Os.feature:8)
]]>
            </full-stacktrace>
          </exception> <!-- java.lang.NullPointerException -->
          <reporter-output>
          </reporter-output>
        </test-method> <!-- runScenario -->
        <test-method is-config="true" signature="tearDownClass()[pri:0, instance:com.runner.Testrunner@2b71e916]" started-at="2023-05-04T07:08:34Z" name="tearDownClass" finished-at="2023-05-04T07:08:36Z" duration-ms="2404" status="PASS">
          <reporter-output>
          </reporter-output>
        </test-method> <!-- tearDownClass -->
      </class> <!-- com.runner.Testrunner -->
    </test> <!-- Surefire test -->
  </suite> <!-- Surefire suite -->
</testng-results>
