<?xml version="1.0" encoding="UTF-8"?>
<!-- Generated by org.testng.reporters.JUnitXMLReporter -->
<testsuite ignored="0" hostname="IN-PG02P7BS" failures="1" tests="1" name="Surefire test" time="6.391" errors="0" timestamp="04 May 2023 07:08:36 GMT">
  <testcase classname="io.cucumber.testng.AbstractTestNGCucumberTests" name="runScenario" time="2.926">
    <failure type="java.lang.NullPointerException">
      <![CDATA[java.lang.NullPointerException
at com.stepdefination.OsStepdef.user_clicks_on_os(OsStepdef.java:20)
at ✽.user clicks on OS(file:///C:/Users/yogendrasharma01/eclipse-workspace/EndTest_API/src/test/java/Feature/Os.feature:8)
]]>
    </failure>
  </testcase> <!-- runScenario -->
</testsuite> <!-- Surefire test -->
