<?xml version="1.0" encoding="UTF-8"?>
<testng-results ignored="0" total="1" passed="1" failed="0" skipped="0">
  <reporter-output>
  </reporter-output>
  <suite started-at="2023-05-25T09:17:18Z" name="Default suite" finished-at="2023-05-25T09:17:48Z" duration-ms="29705">
    <groups>
      <group name="cucumber">
        <method signature="AbstractTestNGCucumberTests.runScenario(io.cucumber.testng.PickleWrapper, io.cucumber.testng.FeatureWrapper)[pri:0, instance:com.runner.Testrunner@6af9fcb2]" name="runScenario" class="io.cucumber.testng.AbstractTestNGCucumberTests"/>
      </group> <!-- cucumber -->
    </groups>
    <test started-at="2023-05-25T09:17:18Z" name="Default test" finished-at="2023-05-25T09:17:48Z" duration-ms="29705">
      <class name="com.runner.Testrunner">
        <test-method is-config="true" signature="setUpClass(org.testng.ITestContext)[pri:0, instance:com.runner.Testrunner@6af9fcb2]" started-at="2023-05-25T09:17:18Z" name="setUpClass" finished-at="2023-05-25T09:17:19Z" duration-ms="761" status="PASS">
          <params>
            <param index="0">
              <value>
                <![CDATA[org.testng.TestRunner@69ce14e6]]>
              </value>
            </param>
          </params>
          <reporter-output>
          </reporter-output>
        </test-method> <!-- setUpClass -->
        <test-method signature="runScenario(io.cucumber.testng.PickleWrapper, io.cucumber.testng.FeatureWrapper)[pri:0, instance:com.runner.Testrunner@6af9fcb2]" started-at="2023-05-25T09:17:19Z" name="runScenario" description="Runs Cucumber Scenarios" data-provider="scenarios" finished-at="2023-05-25T09:17:46Z" duration-ms="26645" status="PASS">
          <params>
            <param index="0">
              <value>
                <![CDATA["To verify The OS page"]]>
              </value>
            </param>
            <param index="1">
              <value>
                <![CDATA["I want to verify the Os Feature"]]>
              </value>
            </param>
          </params>
          <reporter-output>
          </reporter-output>
        </test-method> <!-- runScenario -->
        <test-method is-config="true" signature="tearDownClass()[pri:0, instance:com.runner.Testrunner@6af9fcb2]" started-at="2023-05-25T09:17:46Z" name="tearDownClass" finished-at="2023-05-25T09:17:48Z" duration-ms="2279" status="PASS">
          <reporter-output>
          </reporter-output>
        </test-method> <!-- tearDownClass -->
      </class> <!-- com.runner.Testrunner -->
    </test> <!-- Default test -->
  </suite> <!-- Default suite -->
</testng-results>
