<?xml version="1.0" encoding="UTF-8"?>
<!-- Generated by org.testng.reporters.JUnitReportReporter -->
<testsuite hostname="IN-PG02P7BS" failures="0" tests="1" name="com.runner.Testrunner" time="2.926" errors="1" timestamp="04 May 2023 07:08:36 GMT" skipped="0">
  <testcase classname="com.runner.Testrunner" name="runScenario" time="2.926">
    <error type="java.lang.NullPointerException">
      <![CDATA[java.lang.NullPointerException
at com.stepdefination.OsStepdef.user_clicks_on_os(OsStepdef.java:20)
at ✽.user clicks on OS(file:///C:/Users/yogendrasharma01/eclipse-workspace/EndTest_API/src/test/java/Feature/Os.feature:8)
]]>
    </error>
  </testcase> <!-- runScenario -->
</testsuite> <!-- com.runner.Testrunner -->
